<?xml version="1.0" encoding="UTF-8"?>
<coverage generated="1514341050384" clover="3.2.0">
  <project timestamp="1514341050384" name="All files">
    <metrics statements="95" coveredstatements="82" conditionals="32" coveredconditionals="16" methods="46" coveredmethods="21" elements="173" coveredelements="119" complexity="0" loc="95" ncloc="95" packages="13" files="28" classes="28">
      <package name="__tests__">
        <metrics statements="1" coveredstatements="1" conditionals="0" coveredconditionals="0" methods="0" coveredmethods="0"/>
        <file name="setup.js" path="/Users/skeletor/Projects/Mobile/my-store/__tests__/setup.js">
          <metrics statements="1" coveredstatements="1" conditionals="0" coveredconditionals="0" methods="0" coveredmethods="0"/>
          <line num="4" count="7" type="stmt"/>
        </file>
      </package>
      <package name="src.components.Footer">
        <metrics statements="2" coveredstatements="1" conditionals="0" coveredconditionals="0" methods="1" coveredmethods="0"/>
        <file name="index.js" path="/Users/skeletor/Projects/Mobile/my-store/src/components/Footer/index.js">
          <metrics statements="2" coveredstatements="1" conditionals="0" coveredconditionals="0" methods="1" coveredmethods="0"/>
          <line num="8" count="1" type="stmt"/>
          <line num="9" count="0" type="stmt"/>
        </file>
      </package>
      <package name="src.components.Footer.components.NavigationTabs">
        <metrics statements="10" coveredstatements="6" conditionals="4" coveredconditionals="0" methods="6" coveredmethods="0"/>
        <file name="index.js" path="/Users/skeletor/Projects/Mobile/my-store/src/components/Footer/components/NavigationTabs/index.js">
          <metrics statements="9" coveredstatements="5" conditionals="4" coveredconditionals="0" methods="6" coveredmethods="0"/>
          <line num="15" count="1" type="stmt"/>
          <line num="20" count="1" type="stmt"/>
          <line num="21" count="0" type="stmt"/>
          <line num="23" count="0" type="stmt"/>
          <line num="27" count="0" type="stmt"/>
          <line num="36" count="1" type="stmt"/>
          <line num="47" count="1" type="stmt"/>
          <line num="51" count="1" type="stmt"/>
          <line num="52" count="0" type="stmt"/>
        </file>
        <file name="styles.js" path="/Users/skeletor/Projects/Mobile/my-store/src/components/Footer/components/NavigationTabs/styles.js">
          <metrics statements="1" coveredstatements="1" conditionals="0" coveredconditionals="0" methods="0" coveredmethods="0"/>
          <line num="4" count="1" type="stmt"/>
        </file>
      </package>
      <package name="src.components.Footer.components.NavigationTabs.components.TabItem">
        <metrics statements="5" coveredstatements="4" conditionals="4" coveredconditionals="0" methods="1" coveredmethods="0"/>
        <file name="index.js" path="/Users/skeletor/Projects/Mobile/my-store/src/components/Footer/components/NavigationTabs/components/TabItem/index.js">
          <metrics statements="4" coveredstatements="3" conditionals="4" coveredconditionals="0" methods="1" coveredmethods="0"/>
          <line num="12" count="1" type="stmt"/>
          <line num="19" count="0" type="stmt"/>
          <line num="29" count="1" type="stmt"/>
          <line num="36" count="1" type="stmt"/>
        </file>
        <file name="styles.js" path="/Users/skeletor/Projects/Mobile/my-store/src/components/Footer/components/NavigationTabs/components/TabItem/styles.js">
          <metrics statements="1" coveredstatements="1" conditionals="0" coveredconditionals="0" methods="0" coveredmethods="0"/>
          <line num="4" count="1" type="stmt"/>
        </file>
      </package>
      <package name="src.components.Footer.components.NavigationTabs.components.TabItem.components.Badge">
        <metrics statements="5" coveredstatements="4" conditionals="0" coveredconditionals="0" methods="1" coveredmethods="0"/>
        <file name="index.js" path="/Users/skeletor/Projects/Mobile/my-store/src/components/Footer/components/NavigationTabs/components/TabItem/components/Badge/index.js">
          <metrics statements="4" coveredstatements="3" conditionals="0" coveredconditionals="0" methods="1" coveredmethods="0"/>
          <line num="9" count="1" type="stmt"/>
          <line num="10" count="0" type="stmt"/>
          <line num="15" count="1" type="stmt"/>
          <line num="19" count="1" type="stmt"/>
        </file>
        <file name="styles.js" path="/Users/skeletor/Projects/Mobile/my-store/src/components/Footer/components/NavigationTabs/components/TabItem/components/Badge/styles.js">
          <metrics statements="1" coveredstatements="1" conditionals="0" coveredconditionals="0" methods="0" coveredmethods="0"/>
          <line num="4" count="1" type="stmt"/>
        </file>
      </package>
      <package name="src.components.Header">
        <metrics statements="4" coveredstatements="4" conditionals="2" coveredconditionals="2" methods="2" coveredmethods="2"/>
        <file name="index.js" path="/Users/skeletor/Projects/Mobile/my-store/src/components/Header/index.js">
          <metrics statements="3" coveredstatements="3" conditionals="2" coveredconditionals="2" methods="2" coveredmethods="2"/>
          <line num="28" count="1" type="stmt"/>
          <line num="32" count="1" type="stmt"/>
          <line num="36" count="1" type="stmt"/>
        </file>
        <file name="styles.js" path="/Users/skeletor/Projects/Mobile/my-store/src/components/Header/styles.js">
          <metrics statements="1" coveredstatements="1" conditionals="0" coveredconditionals="0" methods="0" coveredmethods="0"/>
          <line num="4" count="2" type="stmt"/>
        </file>
      </package>
      <package name="src.pages.home">
        <metrics statements="10" coveredstatements="10" conditionals="4" coveredconditionals="3" methods="6" coveredmethods="6"/>
        <file name="index.js" path="/Users/skeletor/Projects/Mobile/my-store/src/pages/home/index.js">
          <metrics statements="9" coveredstatements="9" conditionals="4" coveredconditionals="3" methods="6" coveredmethods="6"/>
          <line num="40" count="5" type="stmt"/>
          <line num="41" count="5" type="cond" truecount="1" falsecount="1"/>
          <line num="42" count="5" type="stmt"/>
          <line num="47" count="3" type="stmt"/>
          <line num="48" count="3" type="stmt"/>
          <line num="60" count="3" type="stmt"/>
          <line num="65" count="3" type="stmt"/>
          <line num="66" count="5" type="stmt"/>
          <line num="68" count="5" type="stmt"/>
        </file>
        <file name="styles.js" path="/Users/skeletor/Projects/Mobile/my-store/src/pages/home/styles.js">
          <metrics statements="1" coveredstatements="1" conditionals="0" coveredconditionals="0" methods="0" coveredmethods="0"/>
          <line num="4" count="1" type="stmt"/>
        </file>
      </package>
      <package name="src.pages.home.components.Categories">
        <metrics statements="3" coveredstatements="3" conditionals="0" coveredconditionals="0" methods="2" coveredmethods="2"/>
        <file name="index.js" path="/Users/skeletor/Projects/Mobile/my-store/src/pages/home/components/Categories/index.js">
          <metrics statements="2" coveredstatements="2" conditionals="0" coveredconditionals="0" methods="2" coveredmethods="2"/>
          <line num="25" count="1" type="stmt"/>
          <line num="34" count="6" type="stmt"/>
        </file>
        <file name="styles.js" path="/Users/skeletor/Projects/Mobile/my-store/src/pages/home/components/Categories/styles.js">
          <metrics statements="1" coveredstatements="1" conditionals="0" coveredconditionals="0" methods="0" coveredmethods="0"/>
          <line num="4" count="2" type="stmt"/>
        </file>
      </package>
      <package name="src.pages.home.components.Categories.components.ItemCategory">
        <metrics statements="11" coveredstatements="11" conditionals="6" coveredconditionals="6" methods="6" coveredmethods="6"/>
        <file name="index.js" path="/Users/skeletor/Projects/Mobile/my-store/src/pages/home/components/Categories/components/ItemCategory/index.js">
          <metrics statements="10" coveredstatements="10" conditionals="6" coveredconditionals="6" methods="6" coveredmethods="6"/>
          <line num="27" count="1" type="stmt"/>
          <line num="28" count="1" type="stmt"/>
          <line num="32" count="6" type="stmt"/>
          <line num="33" count="6" type="cond" truecount="2" falsecount="0"/>
          <line num="34" count="6" type="cond" truecount="2" falsecount="0"/>
          <line num="36" count="6" type="stmt"/>
          <line num="39" count="1" type="stmt"/>
          <line num="54" count="4" type="stmt"/>
          <line num="55" count="1" type="stmt"/>
          <line num="57" count="1" type="stmt"/>
        </file>
        <file name="styles.js" path="/Users/skeletor/Projects/Mobile/my-store/src/pages/home/components/Categories/components/ItemCategory/styles.js">
          <metrics statements="1" coveredstatements="1" conditionals="0" coveredconditionals="0" methods="0" coveredmethods="0"/>
          <line num="4" count="3" type="stmt"/>
        </file>
      </package>
      <package name="src.pages.home.components.Products">
        <metrics statements="6" coveredstatements="6" conditionals="0" coveredconditionals="0" methods="2" coveredmethods="2"/>
        <file name="index.js" path="/Users/skeletor/Projects/Mobile/my-store/src/pages/home/components/Products/index.js">
          <metrics statements="5" coveredstatements="5" conditionals="0" coveredconditionals="0" methods="2" coveredmethods="2"/>
          <line num="11" count="2" type="stmt"/>
          <line num="12" count="2" type="stmt"/>
          <line num="18" count="4" type="stmt"/>
          <line num="27" count="2" type="stmt"/>
          <line num="32" count="2" type="stmt"/>
        </file>
        <file name="styles.js" path="/Users/skeletor/Projects/Mobile/my-store/src/pages/home/components/Products/styles.js">
          <metrics statements="1" coveredstatements="1" conditionals="0" coveredconditionals="0" methods="0" coveredmethods="0"/>
          <line num="4" count="2" type="stmt"/>
        </file>
      </package>
      <package name="src.pages.home.components.Products.components.Product">
        <metrics statements="8" coveredstatements="8" conditionals="2" coveredconditionals="2" methods="3" coveredmethods="3"/>
        <file name="index.js" path="/Users/skeletor/Projects/Mobile/my-store/src/pages/home/components/Products/components/Product/index.js">
          <metrics statements="7" coveredstatements="7" conditionals="2" coveredconditionals="2" methods="3" coveredmethods="3"/>
          <line num="27" count="1" type="stmt"/>
          <line num="28" count="1" type="stmt"/>
          <line num="30" count="1" type="stmt"/>
          <line num="37" count="3" type="stmt"/>
          <line num="38" count="3" type="cond" truecount="2" falsecount="0"/>
          <line num="42" count="3" type="stmt"/>
          <line num="45" count="1" type="stmt"/>
        </file>
        <file name="styles.js" path="/Users/skeletor/Projects/Mobile/my-store/src/pages/home/components/Products/components/Product/styles.js">
          <metrics statements="1" coveredstatements="1" conditionals="0" coveredconditionals="0" methods="0" coveredmethods="0"/>
          <line num="4" count="3" type="stmt"/>
        </file>
      </package>
      <package name="src.store.ducks">
        <metrics statements="28" coveredstatements="22" conditionals="4" coveredconditionals="0" methods="16" coveredmethods="0"/>
        <file name="cart.js" path="/Users/skeletor/Projects/Mobile/my-store/src/store/ducks/cart.js">
          <metrics statements="15" coveredstatements="9" conditionals="4" coveredconditionals="0" methods="9" coveredmethods="0"/>
          <line num="6" count="1" type="stmt"/>
          <line num="17" count="1" type="stmt"/>
          <line num="27" count="1" type="stmt"/>
          <line num="40" count="1" type="stmt"/>
          <line num="42" count="0" type="stmt"/>
          <line num="46" count="1" type="stmt"/>
          <line num="49" count="0" type="cond" truecount="0" falsecount="2"/>
          <line num="50" count="0" type="stmt"/>
          <line num="52" count="0" type="stmt"/>
          <line num="56" count="1" type="stmt"/>
          <line num="61" count="1" type="stmt"/>
          <line num="70" count="1" type="stmt"/>
          <line num="72" count="1" type="stmt"/>
          <line num="74" count="0" type="stmt"/>
          <line num="75" count="0" type="stmt"/>
        </file>
        <file name="categories.js" path="/Users/skeletor/Projects/Mobile/my-store/src/store/ducks/categories.js">
          <metrics statements="7" coveredstatements="7" conditionals="0" coveredconditionals="0" methods="4" coveredmethods="0"/>
          <line num="5" count="3" type="stmt"/>
          <line num="16" count="3" type="stmt"/>
          <line num="25" count="3" type="stmt"/>
          <line num="30" count="3" type="stmt"/>
          <line num="37" count="3" type="stmt"/>
          <line num="43" count="3" type="stmt"/>
          <line num="48" count="3" type="stmt"/>
        </file>
        <file name="categoryProducts.js" path="/Users/skeletor/Projects/Mobile/my-store/src/store/ducks/categoryProducts.js">
          <metrics statements="6" coveredstatements="6" conditionals="0" coveredconditionals="0" methods="3" coveredmethods="0"/>
          <line num="5" count="3" type="stmt"/>
          <line num="15" count="3" type="stmt"/>
          <line num="23" count="3" type="stmt"/>
          <line num="28" count="3" type="stmt"/>
          <line num="34" count="3" type="stmt"/>
          <line num="40" count="3" type="stmt"/>
        </file>
      </package>
      <package name="src.styles">
        <metrics statements="2" coveredstatements="2" conditionals="6" coveredconditionals="3" methods="0" coveredmethods="0"/>
        <file name="colors.js" path="/Users/skeletor/Projects/Mobile/my-store/src/styles/colors.js">
          <metrics statements="0" coveredstatements="0" conditionals="0" coveredconditionals="0" methods="0" coveredmethods="0"/>
        </file>
        <file name="fonts.js" path="/Users/skeletor/Projects/Mobile/my-store/src/styles/fonts.js">
          <metrics statements="0" coveredstatements="0" conditionals="0" coveredconditionals="0" methods="0" coveredmethods="0"/>
        </file>
        <file name="general.js" path="/Users/skeletor/Projects/Mobile/my-store/src/styles/general.js">
          <metrics statements="1" coveredstatements="1" conditionals="0" coveredconditionals="0" methods="0" coveredmethods="0"/>
          <line num="3" count="7" type="stmt"/>
        </file>
        <file name="index.js" path="/Users/skeletor/Projects/Mobile/my-store/src/styles/index.js">
          <metrics statements="0" coveredstatements="0" conditionals="0" coveredconditionals="0" methods="0" coveredmethods="0"/>
        </file>
        <file name="metrics.js" path="/Users/skeletor/Projects/Mobile/my-store/src/styles/metrics.js">
          <metrics statements="1" coveredstatements="1" conditionals="6" coveredconditionals="3" methods="0" coveredmethods="0"/>
          <line num="3" count="7" type="stmt"/>
        </file>
      </package>
    </metrics>
  </project>
</coverage>
