{"/Users/skeletor/Projects/Mobile/my-store/__tests__/setup.js": {"path":"/Users/skeletor/Projects/Mobile/my-store/__tests__/setup.js","statementMap":{"0":{"start":{"line":4,"column":0},"end":{"line":4,"column":45}}},"fnMap":{},"branchMap":{},"s":{"0":18},"f":{},"b":{},"_coverageSchema":"332fd63041d2c1bcb487cc26dd0d5f7d97098a6c","hash":"d023454c00e491d4d0ef5d18071f2b7b2b064fd7"}
,"/Users/skeletor/Projects/Mobile/my-store/src/components/Footer/index.js": {"path":"/Users/skeletor/Projects/Mobile/my-store/src/components/Footer/index.js","statementMap":{"0":{"start":{"line":8,"column":15},"end":{"line":12,"column":1}},"1":{"start":{"line":9,"column":2},"end":{"line":11,"column":9}}},"fnMap":{"0":{"name":"(anonymous_0)","decl":{"start":{"line":8,"column":15},"end":{"line":8,"column":16}},"loc":{"start":{"line":9,"column":2},"end":{"line":11,"column":9}},"line":9}},"branchMap":{},"s":{"0":1,"1":1},"f":{"0":1},"b":{},"_coverageSchema":"332fd63041d2c1bcb487cc26dd0d5f7d97098a6c","hash":"dd51e1e0eaaaf2a0b8adaaf203dd7cf10ffe0dc7"}
,"/Users/skeletor/Projects/Mobile/my-store/src/components/Footer/components/NavigationTabs/index.js": {"path":"/Users/skeletor/Projects/Mobile/my-store/src/components/Footer/components/NavigationTabs/index.js","statementMap":{"0":{"start":{"line":15,"column":13},"end":{"line":18,"column":1}},"1":{"start":{"line":20,"column":23},"end":{"line":34,"column":1}},"2":{"start":{"line":21,"column":2},"end":{"line":33,"column":9}},"3":{"start":{"line":23,"column":6},"end":{"line":31,"column":8}},"4":{"start":{"line":27,"column":23},"end":{"line":29,"column":49}},"5":{"start":{"line":36,"column":0},"end":{"line":45,"column":2}},"6":{"start":{"line":47,"column":24},"end":{"line":49,"column":2}},"7":{"start":{"line":47,"column":34},"end":{"line":49,"column":1}},"8":{"start":{"line":51,"column":27},"end":{"line":53,"column":2}},"9":{"start":{"line":51,"column":40},"end":{"line":53,"column":1}},"10":{"start":{"line":52,"column":21},"end":{"line":52,"column":60}}},"fnMap":{"0":{"name":"(anonymous_0)","decl":{"start":{"line":20,"column":23},"end":{"line":20,"column":24}},"loc":{"start":{"line":21,"column":2},"end":{"line":33,"column":9}},"line":21},"1":{"name":"(anonymous_1)","decl":{"start":{"line":22,"column":15},"end":{"line":22,"column":16}},"loc":{"start":{"line":23,"column":6},"end":{"line":31,"column":8}},"line":23},"2":{"name":"(anonymous_2)","decl":{"start":{"line":27,"column":17},"end":{"line":27,"column":18}},"loc":{"start":{"line":27,"column":23},"end":{"line":29,"column":49}},"line":27},"3":{"name":"(anonymous_3)","decl":{"start":{"line":47,"column":24},"end":{"line":47,"column":25}},"loc":{"start":{"line":47,"column":34},"end":{"line":49,"column":1}},"line":47},"4":{"name":"(anonymous_4)","decl":{"start":{"line":51,"column":27},"end":{"line":51,"column":28}},"loc":{"start":{"line":51,"column":40},"end":{"line":53,"column":1}},"line":51},"5":{"name":"(anonymous_5)","decl":{"start":{"line":52,"column":15},"end":{"line":52,"column":16}},"loc":{"start":{"line":52,"column":21},"end":{"line":52,"column":60}},"line":52}},"branchMap":{"0":{"loc":{"start":{"line":29,"column":10},"end":{"line":29,"column":48}},"type":"binary-expr","locations":[{"start":{"line":29,"column":10},"end":{"line":29,"column":25}},{"start":{"line":29,"column":29},"end":{"line":29,"column":48}}],"line":29},"1":{"loc":{"start":{"line":30,"column":16},"end":{"line":30,"column":55}},"type":"cond-expr","locations":[{"start":{"line":30,"column":34},"end":{"line":30,"column":51}},{"start":{"line":30,"column":54},"end":{"line":30,"column":55}}],"line":30}},"s":{"0":2,"1":2,"2":2,"3":4,"4":1,"5":2,"6":2,"7":3,"8":2,"9":3,"10":1},"f":{"0":2,"1":4,"2":1,"3":3,"4":3,"5":1},"b":{"0":[1,1],"1":[2,2]},"_coverageSchema":"332fd63041d2c1bcb487cc26dd0d5f7d97098a6c","hash":"2f9f2e7279f67dabe60b13dc1c4ebb74bab7b505"}
,"/Users/skeletor/Projects/Mobile/my-store/src/components/Footer/components/NavigationTabs/styles.js": {"path":"/Users/skeletor/Projects/Mobile/my-store/src/components/Footer/components/NavigationTabs/styles.js","statementMap":{"0":{"start":{"line":4,"column":15},"end":{"line":15,"column":2}}},"fnMap":{},"branchMap":{},"s":{"0":2},"f":{},"b":{},"_coverageSchema":"332fd63041d2c1bcb487cc26dd0d5f7d97098a6c","hash":"fc49b4a77b7eef920ec362af3e700ed4b810673a"}
,"/Users/skeletor/Projects/Mobile/my-store/src/components/Footer/components/NavigationTabs/components/TabItem/index.js": {"path":"/Users/skeletor/Projects/Mobile/my-store/src/components/Footer/components/NavigationTabs/components/TabItem/index.js","statementMap":{"0":{"start":{"line":12,"column":16},"end":{"line":27,"column":1}},"1":{"start":{"line":19,"column":2},"end":{"line":26,"column":21}},"2":{"start":{"line":29,"column":0},"end":{"line":34,"column":2}},"3":{"start":{"line":36,"column":0},"end":{"line":38,"column":2}}},"fnMap":{"0":{"name":"(anonymous_0)","decl":{"start":{"line":12,"column":16},"end":{"line":12,"column":17}},"loc":{"start":{"line":19,"column":2},"end":{"line":26,"column":21}},"line":19}},"branchMap":{"0":{"loc":{"start":{"line":24,"column":39},"end":{"line":24,"column":87}},"type":"cond-expr","locations":[{"start":{"line":24,"column":48},"end":{"line":24,"column":65}},{"start":{"line":24,"column":68},"end":{"line":24,"column":87}}],"line":24},"1":{"loc":{"start":{"line":25,"column":6},"end":{"line":25,"column":44}},"type":"binary-expr","locations":[{"start":{"line":25,"column":6},"end":{"line":25,"column":16}},{"start":{"line":25,"column":20},"end":{"line":25,"column":44}}],"line":25}},"s":{"0":3,"1":2,"2":3,"3":3},"f":{"0":2},"b":{"0":[1,1],"1":[2,2]},"_coverageSchema":"332fd63041d2c1bcb487cc26dd0d5f7d97098a6c","hash":"6f1c1e01a8e3f9dbdc839b7af94af0c2b4b0bfd8"}
,"/Users/skeletor/Projects/Mobile/my-store/src/components/Footer/components/NavigationTabs/components/TabItem/styles.js": {"path":"/Users/skeletor/Projects/Mobile/my-store/src/components/Footer/components/NavigationTabs/components/TabItem/styles.js","statementMap":{"0":{"start":{"line":4,"column":15},"end":{"line":19,"column":2}}},"fnMap":{},"branchMap":{},"s":{"0":3},"f":{},"b":{},"_coverageSchema":"332fd63041d2c1bcb487cc26dd0d5f7d97098a6c","hash":"eef48e328b4ba55b4665067b910cea53947beacc"}
,"/Users/skeletor/Projects/Mobile/my-store/src/components/Footer/components/NavigationTabs/components/TabItem/components/Badge/index.js": {"path":"/Users/skeletor/Projects/Mobile/my-store/src/components/Footer/components/NavigationTabs/components/TabItem/components/Badge/index.js","statementMap":{"0":{"start":{"line":9,"column":14},"end":{"line":13,"column":1}},"1":{"start":{"line":10,"column":2},"end":{"line":12,"column":9}},"2":{"start":{"line":15,"column":0},"end":{"line":17,"column":2}},"3":{"start":{"line":19,"column":0},"end":{"line":21,"column":2}}},"fnMap":{"0":{"name":"(anonymous_0)","decl":{"start":{"line":9,"column":14},"end":{"line":9,"column":15}},"loc":{"start":{"line":10,"column":2},"end":{"line":12,"column":9}},"line":10}},"branchMap":{},"s":{"0":4,"1":1,"2":4,"3":4},"f":{"0":1},"b":{},"_coverageSchema":"332fd63041d2c1bcb487cc26dd0d5f7d97098a6c","hash":"5832478ff385c87ab75fb692baec2e356f1e29b3"}
,"/Users/skeletor/Projects/Mobile/my-store/src/components/Footer/components/NavigationTabs/components/TabItem/components/Badge/styles.js": {"path":"/Users/skeletor/Projects/Mobile/my-store/src/components/Footer/components/NavigationTabs/components/TabItem/components/Badge/styles.js","statementMap":{"0":{"start":{"line":4,"column":15},"end":{"line":25,"column":2}}},"fnMap":{},"branchMap":{},"s":{"0":4},"f":{},"b":{},"_coverageSchema":"332fd63041d2c1bcb487cc26dd0d5f7d97098a6c","hash":"96d3b32c41ddf02a2b0426f20093d696aa1aaf42"}
,"/Users/skeletor/Projects/Mobile/my-store/src/components/Header/index.js": {"path":"/Users/skeletor/Projects/Mobile/my-store/src/components/Header/index.js","statementMap":{"0":{"start":{"line":28,"column":25},"end":{"line":28,"column":35}},"1":{"start":{"line":32,"column":4},"end":{"line":32,"column":46}},"2":{"start":{"line":36,"column":4},"end":{"line":47,"column":6}}},"fnMap":{"0":{"name":"(anonymous_0)","decl":{"start":{"line":27,"column":17},"end":{"line":27,"column":18}},"loc":{"start":{"line":27,"column":23},"end":{"line":33,"column":3}},"line":27},"1":{"name":"(anonymous_1)","decl":{"start":{"line":35,"column":2},"end":{"line":35,"column":3}},"loc":{"start":{"line":35,"column":11},"end":{"line":48,"column":3}},"line":35}},"branchMap":{"0":{"loc":{"start":{"line":39,"column":12},"end":{"line":42,"column":31}},"type":"binary-expr","locations":[{"start":{"line":39,"column":12},"end":{"line":39,"column":34}},{"start":{"line":40,"column":12},"end":{"line":42,"column":31}}],"line":39}},"s":{"0":1,"1":1,"2":1},"f":{"0":1,"1":1},"b":{"0":[1,1]},"_coverageSchema":"332fd63041d2c1bcb487cc26dd0d5f7d97098a6c","hash":"1d812ee6ffd8894611ab657f422101f7d6ce2d61"}
,"/Users/skeletor/Projects/Mobile/my-store/src/components/Header/styles.js": {"path":"/Users/skeletor/Projects/Mobile/my-store/src/components/Header/styles.js","statementMap":{"0":{"start":{"line":4,"column":15},"end":{"line":28,"column":2}}},"fnMap":{},"branchMap":{},"s":{"0":4},"f":{},"b":{},"_coverageSchema":"332fd63041d2c1bcb487cc26dd0d5f7d97098a6c","hash":"440b961ae752227edd7ce09fb1b765123c168ec7"}
,"/Users/skeletor/Projects/Mobile/my-store/src/pages/cart/index.js": {"path":"/Users/skeletor/Projects/Mobile/my-store/src/pages/cart/index.js","statementMap":{"0":{"start":{"line":16,"column":20},"end":{"line":20,"column":1}},"1":{"start":{"line":17,"column":2},"end":{"line":19,"column":9}},"2":{"start":{"line":22,"column":13},"end":{"line":30,"column":1}},"3":{"start":{"line":23,"column":2},"end":{"line":29,"column":9}},"4":{"start":{"line":32,"column":0},"end":{"line":36,"column":2}},"5":{"start":{"line":38,"column":24},"end":{"line":40,"column":2}},"6":{"start":{"line":38,"column":34},"end":{"line":40,"column":1}}},"fnMap":{"0":{"name":"(anonymous_0)","decl":{"start":{"line":16,"column":20},"end":{"line":16,"column":21}},"loc":{"start":{"line":17,"column":2},"end":{"line":19,"column":9}},"line":17},"1":{"name":"(anonymous_1)","decl":{"start":{"line":22,"column":13},"end":{"line":22,"column":14}},"loc":{"start":{"line":23,"column":2},"end":{"line":29,"column":9}},"line":23},"2":{"name":"(anonymous_2)","decl":{"start":{"line":38,"column":24},"end":{"line":38,"column":25}},"loc":{"start":{"line":38,"column":34},"end":{"line":40,"column":1}},"line":38}},"branchMap":{"0":{"loc":{"start":{"line":26,"column":6},"end":{"line":28,"column":21}},"type":"cond-expr","locations":[{"start":{"line":27,"column":8},"end":{"line":27,"column":18}},{"start":{"line":28,"column":8},"end":{"line":28,"column":21}}],"line":26}},"s":{"0":1,"1":1,"2":1,"3":2,"4":1,"5":1,"6":2},"f":{"0":1,"1":2,"2":2},"b":{"0":[1,1]},"_coverageSchema":"332fd63041d2c1bcb487cc26dd0d5f7d97098a6c","hash":"ffc4588a5e8dbe726d18febd248adc71f1e4e48b"}
,"/Users/skeletor/Projects/Mobile/my-store/src/pages/cart/styles.js": {"path":"/Users/skeletor/Projects/Mobile/my-store/src/pages/cart/styles.js","statementMap":{"0":{"start":{"line":4,"column":15},"end":{"line":13,"column":2}}},"fnMap":{},"branchMap":{},"s":{"0":1},"f":{},"b":{},"_coverageSchema":"332fd63041d2c1bcb487cc26dd0d5f7d97098a6c","hash":"985c104ac0aafd9bae2db0725cdc46438524bf23"}
,"/Users/skeletor/Projects/Mobile/my-store/src/pages/cart/components/Amount/index.js": {"path":"/Users/skeletor/Projects/Mobile/my-store/src/pages/cart/components/Amount/index.js","statementMap":{"0":{"start":{"line":14,"column":15},"end":{"line":25,"column":1}},"1":{"start":{"line":15,"column":2},"end":{"line":24,"column":9}},"2":{"start":{"line":27,"column":0},"end":{"line":29,"column":2}},"3":{"start":{"line":31,"column":24},"end":{"line":33,"column":2}},"4":{"start":{"line":31,"column":34},"end":{"line":33,"column":1}}},"fnMap":{"0":{"name":"(anonymous_0)","decl":{"start":{"line":14,"column":15},"end":{"line":14,"column":16}},"loc":{"start":{"line":15,"column":2},"end":{"line":24,"column":9}},"line":15},"1":{"name":"(anonymous_1)","decl":{"start":{"line":31,"column":24},"end":{"line":31,"column":25}},"loc":{"start":{"line":31,"column":34},"end":{"line":33,"column":1}},"line":31}},"branchMap":{"0":{"loc":{"start":{"line":19,"column":8},"end":{"line":21,"column":39}},"type":"cond-expr","locations":[{"start":{"line":20,"column":10},"end":{"line":20,"column":100}},{"start":{"line":21,"column":10},"end":{"line":21,"column":39}}],"line":19}},"s":{"0":2,"1":2,"2":2,"3":2,"4":4},"f":{"0":2,"1":4},"b":{"0":[1,1]},"_coverageSchema":"332fd63041d2c1bcb487cc26dd0d5f7d97098a6c","hash":"041114d58c102db8c1d13f09972c650b7814ce5f"}
,"/Users/skeletor/Projects/Mobile/my-store/src/pages/cart/components/Amount/styles.js": {"path":"/Users/skeletor/Projects/Mobile/my-store/src/pages/cart/components/Amount/styles.js","statementMap":{"0":{"start":{"line":4,"column":15},"end":{"line":26,"column":2}}},"fnMap":{},"branchMap":{},"s":{"0":2},"f":{},"b":{},"_coverageSchema":"332fd63041d2c1bcb487cc26dd0d5f7d97098a6c","hash":"60767188fc96b2c5070f41713f0c1546818f32fd"}
,"/Users/skeletor/Projects/Mobile/my-store/src/pages/cart/components/CartList/index.js": {"path":"/Users/skeletor/Projects/Mobile/my-store/src/pages/cart/components/CartList/index.js","statementMap":{"0":{"start":{"line":11,"column":17},"end":{"line":21,"column":1}},"1":{"start":{"line":13,"column":2},"end":{"line":20,"column":15}},"2":{"start":{"line":15,"column":6},"end":{"line":18,"column":8}},"3":{"start":{"line":23,"column":0},"end":{"line":27,"column":2}},"4":{"start":{"line":29,"column":0},"end":{"line":31,"column":2}}},"fnMap":{"0":{"name":"(anonymous_0)","decl":{"start":{"line":11,"column":17},"end":{"line":11,"column":18}},"loc":{"start":{"line":13,"column":2},"end":{"line":20,"column":15}},"line":13},"1":{"name":"(anonymous_1)","decl":{"start":{"line":14,"column":19},"end":{"line":14,"column":20}},"loc":{"start":{"line":15,"column":6},"end":{"line":18,"column":8}},"line":15}},"branchMap":{},"s":{"0":3,"1":2,"2":2,"3":3,"4":3},"f":{"0":2,"1":2},"b":{},"_coverageSchema":"332fd63041d2c1bcb487cc26dd0d5f7d97098a6c","hash":"1c49cbea502f2ea0f88b4022773e5cce69e20510"}
,"/Users/skeletor/Projects/Mobile/my-store/src/pages/cart/components/CartList/styles.js": {"path":"/Users/skeletor/Projects/Mobile/my-store/src/pages/cart/components/CartList/styles.js","statementMap":{"0":{"start":{"line":4,"column":15},"end":{"line":10,"column":2}}},"fnMap":{},"branchMap":{},"s":{"0":3},"f":{},"b":{},"_coverageSchema":"332fd63041d2c1bcb487cc26dd0d5f7d97098a6c","hash":"e1304ad386ebcbd0185d17cdfda36e510a6d11df"}
,"/Users/skeletor/Projects/Mobile/my-store/src/pages/cart/components/CartList/components/CartListItem/index.js": {"path":"/Users/skeletor/Projects/Mobile/my-store/src/pages/cart/components/CartList/components/CartListItem/index.js","statementMap":{"0":{"start":{"line":36,"column":4},"end":{"line":38,"column":5}},"1":{"start":{"line":37,"column":6},"end":{"line":37,"column":87}},"2":{"start":{"line":48,"column":8},"end":{"line":48,"column":18}},"3":{"start":{"line":50,"column":4},"end":{"line":86,"column":6}},"4":{"start":{"line":80,"column":27},"end":{"line":80,"column":56}},"5":{"start":{"line":90,"column":27},"end":{"line":93,"column":2}},"6":{"start":{"line":90,"column":40},"end":{"line":93,"column":1}},"7":{"start":{"line":91,"column":24},"end":{"line":91,"column":68}},"8":{"start":{"line":92,"column":39},"end":{"line":92,"column":96}}},"fnMap":{"0":{"name":"(anonymous_0)","decl":{"start":{"line":35,"column":22},"end":{"line":35,"column":23}},"loc":{"start":{"line":35,"column":34},"end":{"line":39,"column":3}},"line":35},"1":{"name":"(anonymous_1)","decl":{"start":{"line":41,"column":2},"end":{"line":41,"column":3}},"loc":{"start":{"line":41,"column":11},"end":{"line":87,"column":3}},"line":41},"2":{"name":"(anonymous_2)","decl":{"start":{"line":80,"column":21},"end":{"line":80,"column":22}},"loc":{"start":{"line":80,"column":27},"end":{"line":80,"column":56}},"line":80},"3":{"name":"(anonymous_3)","decl":{"start":{"line":90,"column":27},"end":{"line":90,"column":28}},"loc":{"start":{"line":90,"column":40},"end":{"line":93,"column":1}},"line":90},"4":{"name":"(anonymous_4)","decl":{"start":{"line":91,"column":18},"end":{"line":91,"column":19}},"loc":{"start":{"line":91,"column":24},"end":{"line":91,"column":68}},"line":91},"5":{"name":"(anonymous_5)","decl":{"start":{"line":92,"column":23},"end":{"line":92,"column":24}},"loc":{"start":{"line":92,"column":39},"end":{"line":92,"column":96}},"line":92}},"branchMap":{"0":{"loc":{"start":{"line":36,"column":4},"end":{"line":38,"column":5}},"type":"if","locations":[{"start":{"line":36,"column":4},"end":{"line":38,"column":5}},{"start":{"line":36,"column":4},"end":{"line":38,"column":5}}],"line":36},"1":{"loc":{"start":{"line":62,"column":14},"end":{"line":64,"column":41}},"type":"cond-expr","locations":[{"start":{"line":63,"column":18},"end":{"line":63,"column":102}},{"start":{"line":64,"column":18},"end":{"line":64,"column":41}}],"line":62}},"s":{"0":2,"1":1,"2":5,"3":5,"4":1,"5":4,"6":5,"7":1,"8":1},"f":{"0":2,"1":5,"2":1,"3":5,"4":1,"5":1},"b":{"0":[1,1],"1":[1,4]},"_coverageSchema":"332fd63041d2c1bcb487cc26dd0d5f7d97098a6c","hash":"35e3838de6ca5e0ef2b63e277103597b0d6beccb"}
,"/Users/skeletor/Projects/Mobile/my-store/src/pages/cart/components/CartList/components/CartListItem/styles.js": {"path":"/Users/skeletor/Projects/Mobile/my-store/src/pages/cart/components/CartList/components/CartListItem/styles.js","statementMap":{"0":{"start":{"line":4,"column":15},"end":{"line":68,"column":2}}},"fnMap":{},"branchMap":{},"s":{"0":4},"f":{},"b":{},"_coverageSchema":"332fd63041d2c1bcb487cc26dd0d5f7d97098a6c","hash":"329af03b9cb37e8ec0230505298ffb6789fa96c2"}
,"/Users/skeletor/Projects/Mobile/my-store/src/pages/detail/index.js": {"path":"/Users/skeletor/Projects/Mobile/my-store/src/pages/detail/index.js","statementMap":{"0":{"start":{"line":37,"column":33},"end":{"line":37,"column":67}},"1":{"start":{"line":38,"column":18},"end":{"line":38,"column":66}},"2":{"start":{"line":40,"column":4},"end":{"line":44,"column":5}},"3":{"start":{"line":41,"column":6},"end":{"line":41,"column":41}},"4":{"start":{"line":43,"column":6},"end":{"line":43,"column":45}},"5":{"start":{"line":48,"column":4},"end":{"line":48,"column":37}},"6":{"start":{"line":48,"column":22},"end":{"line":48,"column":36}},"7":{"start":{"line":52,"column":33},"end":{"line":52,"column":67}},"8":{"start":{"line":53,"column":26},"end":{"line":55,"column":39}},"9":{"start":{"line":57,"column":18},"end":{"line":57,"column":66}},"10":{"start":{"line":59,"column":4},"end":{"line":87,"column":6}},"11":{"start":{"line":91,"column":24},"end":{"line":93,"column":2}},"12":{"start":{"line":91,"column":34},"end":{"line":93,"column":1}},"13":{"start":{"line":95,"column":27},"end":{"line":100,"column":2}},"14":{"start":{"line":95,"column":40},"end":{"line":100,"column":1}},"15":{"start":{"line":97,"column":4},"end":{"line":97,"column":52}},"16":{"start":{"line":99,"column":4},"end":{"line":99,"column":48}}},"fnMap":{"0":{"name":"(anonymous_0)","decl":{"start":{"line":36,"column":19},"end":{"line":36,"column":20}},"loc":{"start":{"line":36,"column":25},"end":{"line":45,"column":3}},"line":36},"1":{"name":"(anonymous_1)","decl":{"start":{"line":47,"column":17},"end":{"line":47,"column":18}},"loc":{"start":{"line":48,"column":4},"end":{"line":48,"column":37}},"line":48},"2":{"name":"(anonymous_2)","decl":{"start":{"line":48,"column":14},"end":{"line":48,"column":15}},"loc":{"start":{"line":48,"column":22},"end":{"line":48,"column":36}},"line":48},"3":{"name":"(anonymous_3)","decl":{"start":{"line":51,"column":2},"end":{"line":51,"column":3}},"loc":{"start":{"line":51,"column":11},"end":{"line":88,"column":3}},"line":51},"4":{"name":"(anonymous_4)","decl":{"start":{"line":91,"column":24},"end":{"line":91,"column":25}},"loc":{"start":{"line":91,"column":34},"end":{"line":93,"column":1}},"line":91},"5":{"name":"(anonymous_5)","decl":{"start":{"line":95,"column":27},"end":{"line":95,"column":28}},"loc":{"start":{"line":95,"column":40},"end":{"line":100,"column":1}},"line":95},"6":{"name":"(anonymous_6)","decl":{"start":{"line":96,"column":13},"end":{"line":96,"column":14}},"loc":{"start":{"line":97,"column":4},"end":{"line":97,"column":52}},"line":97},"7":{"name":"(anonymous_7)","decl":{"start":{"line":98,"column":18},"end":{"line":98,"column":19}},"loc":{"start":{"line":99,"column":4},"end":{"line":99,"column":48}},"line":99}},"branchMap":{"0":{"loc":{"start":{"line":40,"column":4},"end":{"line":44,"column":5}},"type":"if","locations":[{"start":{"line":40,"column":4},"end":{"line":44,"column":5}},{"start":{"line":40,"column":4},"end":{"line":44,"column":5}}],"line":40},"1":{"loc":{"start":{"line":53,"column":26},"end":{"line":55,"column":39}},"type":"cond-expr","locations":[{"start":{"line":54,"column":8},"end":{"line":54,"column":100}},{"start":{"line":55,"column":8},"end":{"line":55,"column":39}}],"line":53},"2":{"loc":{"start":{"line":78,"column":19},"end":{"line":78,"column":42}},"type":"cond-expr","locations":[{"start":{"line":78,"column":27},"end":{"line":78,"column":32}},{"start":{"line":78,"column":35},"end":{"line":78,"column":42}}],"line":78},"3":{"loc":{"start":{"line":83,"column":13},"end":{"line":83,"column":67}},"type":"cond-expr","locations":[{"start":{"line":83,"column":21},"end":{"line":83,"column":41}},{"start":{"line":83,"column":44},"end":{"line":83,"column":67}}],"line":83}},"s":{"0":2,"1":2,"2":2,"3":1,"4":1,"5":6,"6":2,"7":4,"8":4,"9":4,"10":4,"11":1,"12":4,"13":1,"14":4,"15":1,"16":1},"f":{"0":2,"1":6,"2":2,"3":4,"4":4,"5":4,"6":1,"7":1},"b":{"0":[1,1],"1":[1,3],"2":[1,3],"3":[1,3]},"_coverageSchema":"332fd63041d2c1bcb487cc26dd0d5f7d97098a6c","hash":"10f9ae14d232b5ffc710eb287e18d10cf7096304"}
,"/Users/skeletor/Projects/Mobile/my-store/src/pages/detail/styles.js": {"path":"/Users/skeletor/Projects/Mobile/my-store/src/pages/detail/styles.js","statementMap":{"0":{"start":{"line":4,"column":15},"end":{"line":62,"column":2}}},"fnMap":{},"branchMap":{},"s":{"0":1},"f":{},"b":{},"_coverageSchema":"332fd63041d2c1bcb487cc26dd0d5f7d97098a6c","hash":"74cfa8ced1fb754a041e924de883b3558aab59a2"}
,"/Users/skeletor/Projects/Mobile/my-store/src/pages/detail/components/Button/index.js": {"path":"/Users/skeletor/Projects/Mobile/my-store/src/pages/detail/components/Button/index.js","statementMap":{"0":{"start":{"line":13,"column":15},"end":{"line":25,"column":1}},"1":{"start":{"line":14,"column":2},"end":{"line":24,"column":21}},"2":{"start":{"line":27,"column":0},"end":{"line":32,"column":2}},"3":{"start":{"line":34,"column":0},"end":{"line":37,"column":2}}},"fnMap":{"0":{"name":"(anonymous_0)","decl":{"start":{"line":13,"column":15},"end":{"line":13,"column":16}},"loc":{"start":{"line":14,"column":2},"end":{"line":24,"column":21}},"line":14}},"branchMap":{},"s":{"0":2,"1":1,"2":2,"3":2},"f":{"0":1},"b":{},"_coverageSchema":"332fd63041d2c1bcb487cc26dd0d5f7d97098a6c","hash":"56ac99bd96441e0ba2aa7f31115ab22b526a272b"}
,"/Users/skeletor/Projects/Mobile/my-store/src/pages/detail/components/Button/styles.js": {"path":"/Users/skeletor/Projects/Mobile/my-store/src/pages/detail/components/Button/styles.js","statementMap":{"0":{"start":{"line":4,"column":15},"end":{"line":25,"column":2}}},"fnMap":{},"branchMap":{},"s":{"0":2},"f":{},"b":{},"_coverageSchema":"332fd63041d2c1bcb487cc26dd0d5f7d97098a6c","hash":"a6ee52c849d4b0a9ac89c23ba5f729d23bfac530"}
,"/Users/skeletor/Projects/Mobile/my-store/src/pages/home/index.js": {"path":"/Users/skeletor/Projects/Mobile/my-store/src/pages/home/index.js","statementMap":{"0":{"start":{"line":40,"column":4},"end":{"line":40,"column":35}},"1":{"start":{"line":41,"column":4},"end":{"line":43,"column":5}},"2":{"start":{"line":42,"column":6},"end":{"line":42,"column":44}},"3":{"start":{"line":47,"column":41},"end":{"line":47,"column":73}},"4":{"start":{"line":48,"column":4},"end":{"line":56,"column":6}},"5":{"start":{"line":60,"column":24},"end":{"line":63,"column":2}},"6":{"start":{"line":60,"column":34},"end":{"line":63,"column":1}},"7":{"start":{"line":65,"column":27},"end":{"line":69,"column":2}},"8":{"start":{"line":65,"column":40},"end":{"line":69,"column":1}},"9":{"start":{"line":66,"column":27},"end":{"line":66,"column":74}},"10":{"start":{"line":68,"column":4},"end":{"line":68,"column":71}}},"fnMap":{"0":{"name":"(anonymous_0)","decl":{"start":{"line":39,"column":2},"end":{"line":39,"column":3}},"loc":{"start":{"line":39,"column":22},"end":{"line":44,"column":3}},"line":39},"1":{"name":"(anonymous_1)","decl":{"start":{"line":46,"column":2},"end":{"line":46,"column":3}},"loc":{"start":{"line":46,"column":11},"end":{"line":57,"column":3}},"line":46},"2":{"name":"(anonymous_2)","decl":{"start":{"line":60,"column":24},"end":{"line":60,"column":25}},"loc":{"start":{"line":60,"column":34},"end":{"line":63,"column":1}},"line":60},"3":{"name":"(anonymous_3)","decl":{"start":{"line":65,"column":27},"end":{"line":65,"column":28}},"loc":{"start":{"line":65,"column":40},"end":{"line":69,"column":1}},"line":65},"4":{"name":"(anonymous_4)","decl":{"start":{"line":66,"column":21},"end":{"line":66,"column":22}},"loc":{"start":{"line":66,"column":27},"end":{"line":66,"column":74}},"line":66},"5":{"name":"(anonymous_5)","decl":{"start":{"line":67,"column":27},"end":{"line":67,"column":28}},"loc":{"start":{"line":68,"column":4},"end":{"line":68,"column":71}},"line":68}},"branchMap":{"0":{"loc":{"start":{"line":41,"column":4},"end":{"line":43,"column":5}},"type":"if","locations":[{"start":{"line":41,"column":4},"end":{"line":43,"column":5}},{"start":{"line":41,"column":4},"end":{"line":43,"column":5}}],"line":41},"1":{"loc":{"start":{"line":52,"column":10},"end":{"line":54,"column":70}},"type":"cond-expr","locations":[{"start":{"line":53,"column":14},"end":{"line":53,"column":93}},{"start":{"line":54,"column":14},"end":{"line":54,"column":70}}],"line":52}},"s":{"0":7,"1":7,"2":5,"3":4,"4":4,"5":1,"6":4,"7":1,"8":4,"9":7,"10":5},"f":{"0":7,"1":4,"2":4,"3":4,"4":7,"5":5},"b":{"0":[5,2],"1":[1,3]},"_coverageSchema":"332fd63041d2c1bcb487cc26dd0d5f7d97098a6c","hash":"60f500c36a57b5fe53f33be780d653d30a4c2859"}
,"/Users/skeletor/Projects/Mobile/my-store/src/pages/home/styles.js": {"path":"/Users/skeletor/Projects/Mobile/my-store/src/pages/home/styles.js","statementMap":{"0":{"start":{"line":4,"column":15},"end":{"line":11,"column":2}}},"fnMap":{},"branchMap":{},"s":{"0":1},"f":{},"b":{},"_coverageSchema":"332fd63041d2c1bcb487cc26dd0d5f7d97098a6c","hash":"fca38b0327f4dd17985b492ad5b914a9bef15095"}
,"/Users/skeletor/Projects/Mobile/my-store/src/pages/home/components/Categories/index.js": {"path":"/Users/skeletor/Projects/Mobile/my-store/src/pages/home/components/Categories/index.js","statementMap":{"0":{"start":{"line":25,"column":4},"end":{"line":42,"column":6}},"1":{"start":{"line":34,"column":12},"end":{"line":38,"column":14}}},"fnMap":{"0":{"name":"(anonymous_0)","decl":{"start":{"line":24,"column":2},"end":{"line":24,"column":3}},"loc":{"start":{"line":24,"column":11},"end":{"line":43,"column":3}},"line":24},"1":{"name":"(anonymous_1)","decl":{"start":{"line":33,"column":37},"end":{"line":33,"column":38}},"loc":{"start":{"line":34,"column":12},"end":{"line":38,"column":14}},"line":34}},"branchMap":{},"s":{"0":1,"1":6},"f":{"0":1,"1":6},"b":{},"_coverageSchema":"332fd63041d2c1bcb487cc26dd0d5f7d97098a6c","hash":"f6ea9e309d1d179b34976f522886599e4e571d15"}
,"/Users/skeletor/Projects/Mobile/my-store/src/pages/home/components/Categories/styles.js": {"path":"/Users/skeletor/Projects/Mobile/my-store/src/pages/home/components/Categories/styles.js","statementMap":{"0":{"start":{"line":4,"column":15},"end":{"line":13,"column":2}}},"fnMap":{},"branchMap":{},"s":{"0":2},"f":{},"b":{},"_coverageSchema":"332fd63041d2c1bcb487cc26dd0d5f7d97098a6c","hash":"485bb26b109616ba17595917daf02c41d961df18"}
,"/Users/skeletor/Projects/Mobile/my-store/src/pages/home/components/Categories/components/ItemCategory/index.js": {"path":"/Users/skeletor/Projects/Mobile/my-store/src/pages/home/components/Categories/components/ItemCategory/index.js","statementMap":{"0":{"start":{"line":27,"column":4},"end":{"line":27,"column":43}},"1":{"start":{"line":28,"column":4},"end":{"line":28,"column":49}},"2":{"start":{"line":32,"column":48},"end":{"line":32,"column":58}},"3":{"start":{"line":33,"column":27},"end":{"line":33,"column":66}},"4":{"start":{"line":34,"column":24},"end":{"line":34,"column":60}},"5":{"start":{"line":36,"column":4},"end":{"line":50,"column":6}},"6":{"start":{"line":39,"column":25},"end":{"line":39,"column":51}},"7":{"start":{"line":54,"column":27},"end":{"line":58,"column":2}},"8":{"start":{"line":54,"column":40},"end":{"line":58,"column":1}},"9":{"start":{"line":55,"column":33},"end":{"line":55,"column":98}},"10":{"start":{"line":57,"column":4},"end":{"line":57,"column":71}}},"fnMap":{"0":{"name":"(anonymous_0)","decl":{"start":{"line":26,"column":22},"end":{"line":26,"column":23}},"loc":{"start":{"line":26,"column":36},"end":{"line":29,"column":3}},"line":26},"1":{"name":"(anonymous_1)","decl":{"start":{"line":31,"column":2},"end":{"line":31,"column":3}},"loc":{"start":{"line":31,"column":11},"end":{"line":51,"column":3}},"line":31},"2":{"name":"(anonymous_2)","decl":{"start":{"line":39,"column":19},"end":{"line":39,"column":20}},"loc":{"start":{"line":39,"column":25},"end":{"line":39,"column":51}},"line":39},"3":{"name":"(anonymous_3)","decl":{"start":{"line":54,"column":27},"end":{"line":54,"column":28}},"loc":{"start":{"line":54,"column":40},"end":{"line":58,"column":1}},"line":54},"4":{"name":"(anonymous_4)","decl":{"start":{"line":55,"column":21},"end":{"line":55,"column":22}},"loc":{"start":{"line":55,"column":33},"end":{"line":55,"column":98}},"line":55},"5":{"name":"(anonymous_5)","decl":{"start":{"line":56,"column":27},"end":{"line":56,"column":28}},"loc":{"start":{"line":57,"column":4},"end":{"line":57,"column":71}},"line":57}},"branchMap":{"0":{"loc":{"start":{"line":33,"column":27},"end":{"line":33,"column":66}},"type":"cond-expr","locations":[{"start":{"line":33,"column":36},"end":{"line":33,"column":61}},{"start":{"line":33,"column":64},"end":{"line":33,"column":66}}],"line":33},"1":{"loc":{"start":{"line":34,"column":24},"end":{"line":34,"column":60}},"type":"cond-expr","locations":[{"start":{"line":34,"column":33},"end":{"line":34,"column":55}},{"start":{"line":34,"column":58},"end":{"line":34,"column":60}}],"line":34},"2":{"loc":{"start":{"line":43,"column":23},"end":{"line":43,"column":51}},"type":"cond-expr","locations":[{"start":{"line":43,"column":32},"end":{"line":43,"column":46}},{"start":{"line":43,"column":49},"end":{"line":43,"column":51}}],"line":43}},"s":{"0":1,"1":1,"2":6,"3":6,"4":6,"5":6,"6":1,"7":3,"8":4,"9":1,"10":1},"f":{"0":1,"1":6,"2":1,"3":4,"4":1,"5":1},"b":{"0":[5,1],"1":[5,1],"2":[5,1]},"_coverageSchema":"332fd63041d2c1bcb487cc26dd0d5f7d97098a6c","hash":"925beb740d489329b72606dee5f72f0c69d598dc"}
,"/Users/skeletor/Projects/Mobile/my-store/src/pages/home/components/Categories/components/ItemCategory/styles.js": {"path":"/Users/skeletor/Projects/Mobile/my-store/src/pages/home/components/Categories/components/ItemCategory/styles.js","statementMap":{"0":{"start":{"line":4,"column":15},"end":{"line":31,"column":2}}},"fnMap":{},"branchMap":{},"s":{"0":3},"f":{},"b":{},"_coverageSchema":"332fd63041d2c1bcb487cc26dd0d5f7d97098a6c","hash":"28d9c842658c697d050a0b0c1258c647e0960614"}
,"/Users/skeletor/Projects/Mobile/my-store/src/pages/home/components/Products/index.js": {"path":"/Users/skeletor/Projects/Mobile/my-store/src/pages/home/components/Products/index.js","statementMap":{"0":{"start":{"line":11,"column":17},"end":{"line":25,"column":1}},"1":{"start":{"line":12,"column":2},"end":{"line":24,"column":15}},"2":{"start":{"line":18,"column":6},"end":{"line":22,"column":8}},"3":{"start":{"line":27,"column":0},"end":{"line":30,"column":2}},"4":{"start":{"line":32,"column":0},"end":{"line":35,"column":2}}},"fnMap":{"0":{"name":"(anonymous_0)","decl":{"start":{"line":11,"column":17},"end":{"line":11,"column":18}},"loc":{"start":{"line":12,"column":2},"end":{"line":24,"column":15}},"line":12},"1":{"name":"(anonymous_1)","decl":{"start":{"line":17,"column":25},"end":{"line":17,"column":26}},"loc":{"start":{"line":18,"column":6},"end":{"line":22,"column":8}},"line":18}},"branchMap":{},"s":{"0":2,"1":2,"2":4,"3":2,"4":2},"f":{"0":2,"1":4},"b":{},"_coverageSchema":"332fd63041d2c1bcb487cc26dd0d5f7d97098a6c","hash":"e25b6126a19f2f56b2bd5543766f0dbc8c6c7c3a"}
,"/Users/skeletor/Projects/Mobile/my-store/src/pages/home/components/Products/styles.js": {"path":"/Users/skeletor/Projects/Mobile/my-store/src/pages/home/components/Products/styles.js","statementMap":{"0":{"start":{"line":4,"column":15},"end":{"line":11,"column":2}}},"fnMap":{},"branchMap":{},"s":{"0":2},"f":{},"b":{},"_coverageSchema":"332fd63041d2c1bcb487cc26dd0d5f7d97098a6c","hash":"940394b5183cfeaf162d1865e7c0719b1ca020db"}
,"/Users/skeletor/Projects/Mobile/my-store/src/pages/home/components/Products/components/Product/index.js": {"path":"/Users/skeletor/Projects/Mobile/my-store/src/pages/home/components/Products/components/Product/index.js","statementMap":{"0":{"start":{"line":27,"column":43},"end":{"line":27,"column":53}},"1":{"start":{"line":29,"column":4},"end":{"line":32,"column":8}},"2":{"start":{"line":36,"column":24},"end":{"line":36,"column":34}},"3":{"start":{"line":37,"column":26},"end":{"line":39,"column":39}},"4":{"start":{"line":41,"column":4},"end":{"line":57,"column":6}},"5":{"start":{"line":44,"column":23},"end":{"line":44,"column":53}}},"fnMap":{"0":{"name":"(anonymous_0)","decl":{"start":{"line":26,"column":21},"end":{"line":26,"column":22}},"loc":{"start":{"line":26,"column":27},"end":{"line":33,"column":3}},"line":26},"1":{"name":"(anonymous_1)","decl":{"start":{"line":35,"column":2},"end":{"line":35,"column":3}},"loc":{"start":{"line":35,"column":11},"end":{"line":58,"column":3}},"line":35},"2":{"name":"(anonymous_2)","decl":{"start":{"line":44,"column":17},"end":{"line":44,"column":18}},"loc":{"start":{"line":44,"column":23},"end":{"line":44,"column":53}},"line":44}},"branchMap":{"0":{"loc":{"start":{"line":37,"column":26},"end":{"line":39,"column":39}},"type":"cond-expr","locations":[{"start":{"line":38,"column":8},"end":{"line":38,"column":100}},{"start":{"line":39,"column":8},"end":{"line":39,"column":39}}],"line":37}},"s":{"0":1,"1":1,"2":3,"3":3,"4":3,"5":1},"f":{"0":1,"1":3,"2":1},"b":{"0":[1,2]},"_coverageSchema":"332fd63041d2c1bcb487cc26dd0d5f7d97098a6c","hash":"d16e3a94f5b6a497acb092d6bb8d4f5a688d276a"}
,"/Users/skeletor/Projects/Mobile/my-store/src/pages/home/components/Products/components/Product/styles.js": {"path":"/Users/skeletor/Projects/Mobile/my-store/src/pages/home/components/Products/components/Product/styles.js","statementMap":{"0":{"start":{"line":4,"column":15},"end":{"line":41,"column":2}}},"fnMap":{},"branchMap":{},"s":{"0":4},"f":{},"b":{},"_coverageSchema":"332fd63041d2c1bcb487cc26dd0d5f7d97098a6c","hash":"68b659139b67daba8d39814197e2f0381301736c"}
,"/Users/skeletor/Projects/Mobile/my-store/src/services/api.js": {"path":"/Users/skeletor/Projects/Mobile/my-store/src/services/api.js","statementMap":{"0":{"start":{"line":3,"column":12},"end":{"line":7,"column":2}}},"fnMap":{},"branchMap":{},"s":{"0":1},"f":{},"b":{},"_coverageSchema":"332fd63041d2c1bcb487cc26dd0d5f7d97098a6c","hash":"157e837e15708e70d35d6e53b21719a5cd2e7d03"}
,"/Users/skeletor/Projects/Mobile/my-store/src/store/ducks/cart.js": {"path":"/Users/skeletor/Projects/Mobile/my-store/src/store/ducks/cart.js","statementMap":{"0":{"start":{"line":6,"column":28},"end":{"line":11,"column":2}},"1":{"start":{"line":17,"column":22},"end":{"line":23,"column":1}},"2":{"start":{"line":27,"column":25},"end":{"line":38,"column":2}},"3":{"start":{"line":27,"column":45},"end":{"line":38,"column":1}},"4":{"start":{"line":40,"column":30},"end":{"line":44,"column":2}},"5":{"start":{"line":40,"column":50},"end":{"line":44,"column":1}},"6":{"start":{"line":42,"column":34},"end":{"line":42,"column":55}},"7":{"start":{"line":46,"column":35},"end":{"line":54,"column":2}},"8":{"start":{"line":46,"column":55},"end":{"line":54,"column":1}},"9":{"start":{"line":49,"column":4},"end":{"line":51,"column":5}},"10":{"start":{"line":50,"column":6},"end":{"line":50,"column":48}},"11":{"start":{"line":52,"column":4},"end":{"line":52,"column":16}},"12":{"start":{"line":56,"column":27},"end":{"line":59,"column":2}},"13":{"start":{"line":56,"column":37},"end":{"line":59,"column":1}},"14":{"start":{"line":61,"column":23},"end":{"line":66,"column":2}},"15":{"start":{"line":70,"column":25},"end":{"line":70,"column":49}},"16":{"start":{"line":70,"column":34},"end":{"line":70,"column":49}},"17":{"start":{"line":72,"column":28},"end":{"line":76,"column":1}},"18":{"start":{"line":74,"column":10},"end":{"line":75,"column":53}},"19":{"start":{"line":75,"column":4},"end":{"line":75,"column":47}}},"fnMap":{"0":{"name":"(anonymous_0)","decl":{"start":{"line":27,"column":25},"end":{"line":27,"column":26}},"loc":{"start":{"line":27,"column":45},"end":{"line":38,"column":1}},"line":27},"1":{"name":"(anonymous_1)","decl":{"start":{"line":40,"column":30},"end":{"line":40,"column":31}},"loc":{"start":{"line":40,"column":50},"end":{"line":44,"column":1}},"line":40},"2":{"name":"(anonymous_2)","decl":{"start":{"line":42,"column":26},"end":{"line":42,"column":27}},"loc":{"start":{"line":42,"column":34},"end":{"line":42,"column":55}},"line":42},"3":{"name":"(anonymous_3)","decl":{"start":{"line":46,"column":35},"end":{"line":46,"column":36}},"loc":{"start":{"line":46,"column":55},"end":{"line":54,"column":1}},"line":46},"4":{"name":"(anonymous_4)","decl":{"start":{"line":48,"column":23},"end":{"line":48,"column":24}},"loc":{"start":{"line":48,"column":33},"end":{"line":53,"column":3}},"line":48},"5":{"name":"(anonymous_5)","decl":{"start":{"line":56,"column":27},"end":{"line":56,"column":28}},"loc":{"start":{"line":56,"column":37},"end":{"line":59,"column":1}},"line":56},"6":{"name":"(anonymous_6)","decl":{"start":{"line":70,"column":25},"end":{"line":70,"column":26}},"loc":{"start":{"line":70,"column":34},"end":{"line":70,"column":49}},"line":70},"7":{"name":"(anonymous_7)","decl":{"start":{"line":74,"column":2},"end":{"line":74,"column":3}},"loc":{"start":{"line":74,"column":10},"end":{"line":75,"column":53}},"line":74},"8":{"name":"(anonymous_8)","decl":{"start":{"line":74,"column":22},"end":{"line":74,"column":23}},"loc":{"start":{"line":75,"column":4},"end":{"line":75,"column":47}},"line":75}},"branchMap":{"0":{"loc":{"start":{"line":43,"column":10},"end":{"line":43,"column":60}},"type":"cond-expr","locations":[{"start":{"line":43,"column":29},"end":{"line":43,"column":45}},{"start":{"line":43,"column":48},"end":{"line":43,"column":60}}],"line":43},"1":{"loc":{"start":{"line":49,"column":4},"end":{"line":51,"column":5}},"type":"if","locations":[{"start":{"line":49,"column":4},"end":{"line":51,"column":5}},{"start":{"line":49,"column":4},"end":{"line":51,"column":5}}],"line":49}},"s":{"0":7,"1":7,"2":7,"3":0,"4":7,"5":0,"6":0,"7":7,"8":0,"9":0,"10":0,"11":0,"12":7,"13":0,"14":7,"15":7,"16":2,"17":7,"18":2,"19":2},"f":{"0":0,"1":0,"2":0,"3":0,"4":0,"5":0,"6":2,"7":2,"8":2},"b":{"0":[0,0],"1":[0,0]},"_coverageSchema":"332fd63041d2c1bcb487cc26dd0d5f7d97098a6c","hash":"2ad424fb524a1bf3c79ec2a09cba739bb7a4e924"}
,"/Users/skeletor/Projects/Mobile/my-store/src/store/ducks/categories.js": {"path":"/Users/skeletor/Projects/Mobile/my-store/src/store/ducks/categories.js","statementMap":{"0":{"start":{"line":5,"column":28},"end":{"line":10,"column":2}},"1":{"start":{"line":16,"column":22},"end":{"line":21,"column":1}},"2":{"start":{"line":25,"column":23},"end":{"line":28,"column":2}},"3":{"start":{"line":25,"column":33},"end":{"line":28,"column":1}},"4":{"start":{"line":30,"column":23},"end":{"line":35,"column":2}},"5":{"start":{"line":30,"column":43},"end":{"line":35,"column":1}},"6":{"start":{"line":37,"column":23},"end":{"line":41,"column":2}},"7":{"start":{"line":37,"column":30},"end":{"line":41,"column":1}},"8":{"start":{"line":43,"column":33},"end":{"line":46,"column":2}},"9":{"start":{"line":43,"column":53},"end":{"line":46,"column":1}},"10":{"start":{"line":48,"column":23},"end":{"line":53,"column":2}}},"fnMap":{"0":{"name":"(anonymous_0)","decl":{"start":{"line":25,"column":23},"end":{"line":25,"column":24}},"loc":{"start":{"line":25,"column":33},"end":{"line":28,"column":1}},"line":25},"1":{"name":"(anonymous_1)","decl":{"start":{"line":30,"column":23},"end":{"line":30,"column":24}},"loc":{"start":{"line":30,"column":43},"end":{"line":35,"column":1}},"line":30},"2":{"name":"(anonymous_2)","decl":{"start":{"line":37,"column":23},"end":{"line":37,"column":24}},"loc":{"start":{"line":37,"column":30},"end":{"line":41,"column":1}},"line":37},"3":{"name":"(anonymous_3)","decl":{"start":{"line":43,"column":33},"end":{"line":43,"column":34}},"loc":{"start":{"line":43,"column":53},"end":{"line":46,"column":1}},"line":43}},"branchMap":{},"s":{"0":5,"1":5,"2":5,"3":1,"4":5,"5":1,"6":5,"7":1,"8":5,"9":1,"10":5},"f":{"0":1,"1":1,"2":1,"3":1},"b":{},"_coverageSchema":"332fd63041d2c1bcb487cc26dd0d5f7d97098a6c","hash":"20a2e995bea8432f721b790aaea035bbc3b04d40"}
,"/Users/skeletor/Projects/Mobile/my-store/src/store/ducks/categoryProducts.js": {"path":"/Users/skeletor/Projects/Mobile/my-store/src/store/ducks/categoryProducts.js","statementMap":{"0":{"start":{"line":5,"column":28},"end":{"line":9,"column":2}},"1":{"start":{"line":15,"column":22},"end":{"line":19,"column":1}},"2":{"start":{"line":23,"column":23},"end":{"line":26,"column":2}},"3":{"start":{"line":23,"column":33},"end":{"line":26,"column":1}},"4":{"start":{"line":28,"column":23},"end":{"line":32,"column":2}},"5":{"start":{"line":28,"column":43},"end":{"line":32,"column":1}},"6":{"start":{"line":34,"column":23},"end":{"line":38,"column":2}},"7":{"start":{"line":34,"column":30},"end":{"line":38,"column":1}},"8":{"start":{"line":40,"column":23},"end":{"line":44,"column":2}}},"fnMap":{"0":{"name":"(anonymous_0)","decl":{"start":{"line":23,"column":23},"end":{"line":23,"column":24}},"loc":{"start":{"line":23,"column":33},"end":{"line":26,"column":1}},"line":23},"1":{"name":"(anonymous_1)","decl":{"start":{"line":28,"column":23},"end":{"line":28,"column":24}},"loc":{"start":{"line":28,"column":43},"end":{"line":32,"column":1}},"line":28},"2":{"name":"(anonymous_2)","decl":{"start":{"line":34,"column":23},"end":{"line":34,"column":24}},"loc":{"start":{"line":34,"column":30},"end":{"line":38,"column":1}},"line":34}},"branchMap":{},"s":{"0":4,"1":4,"2":4,"3":0,"4":4,"5":0,"6":4,"7":0,"8":4},"f":{"0":0,"1":0,"2":0},"b":{},"_coverageSchema":"332fd63041d2c1bcb487cc26dd0d5f7d97098a6c","hash":"08309ee1811374d353b2fe1c10d49a199645695d"}
,"/Users/skeletor/Projects/Mobile/my-store/src/store/sagas/categories.js": {"path":"/Users/skeletor/Projects/Mobile/my-store/src/store/sagas/categories.js","statementMap":{"0":{"start":{"line":7,"column":19},"end":{"line":7,"column":53}},"1":{"start":{"line":9,"column":2},"end":{"line":13,"column":3}},"2":{"start":{"line":10,"column":4},"end":{"line":10,"column":63}},"3":{"start":{"line":12,"column":4},"end":{"line":12,"column":50}}},"fnMap":{"0":{"name":"getCategories","decl":{"start":{"line":6,"column":17},"end":{"line":6,"column":30}},"loc":{"start":{"line":6,"column":33},"end":{"line":14,"column":1}},"line":6}},"branchMap":{"0":{"loc":{"start":{"line":9,"column":2},"end":{"line":13,"column":3}},"type":"if","locations":[{"start":{"line":9,"column":2},"end":{"line":13,"column":3}},{"start":{"line":9,"column":2},"end":{"line":13,"column":3}}],"line":9}},"s":{"0":2,"1":2,"2":1,"3":1},"f":{"0":2},"b":{"0":[1,1]},"_coverageSchema":"332fd63041d2c1bcb487cc26dd0d5f7d97098a6c","hash":"32743e2009cfc631c7228e6f9c34ed3069881d4a"}
,"/Users/skeletor/Projects/Mobile/my-store/src/store/sagas/categoryProducts.js": {"path":"/Users/skeletor/Projects/Mobile/my-store/src/store/sagas/categoryProducts.js","statementMap":{"0":{"start":{"line":7,"column":19},"end":{"line":7,"column":79}},"1":{"start":{"line":9,"column":2},"end":{"line":13,"column":3}},"2":{"start":{"line":10,"column":4},"end":{"line":10,"column":69}},"3":{"start":{"line":12,"column":4},"end":{"line":12,"column":56}}},"fnMap":{"0":{"name":"getCategoryProducts","decl":{"start":{"line":6,"column":17},"end":{"line":6,"column":36}},"loc":{"start":{"line":6,"column":45},"end":{"line":14,"column":1}},"line":6}},"branchMap":{"0":{"loc":{"start":{"line":9,"column":2},"end":{"line":13,"column":3}},"type":"if","locations":[{"start":{"line":9,"column":2},"end":{"line":13,"column":3}},{"start":{"line":9,"column":2},"end":{"line":13,"column":3}}],"line":9}},"s":{"0":0,"1":0,"2":0,"3":0},"f":{"0":0},"b":{"0":[0,0]},"_coverageSchema":"332fd63041d2c1bcb487cc26dd0d5f7d97098a6c","hash":"4c300fd16d8f36b91fe0ce65c217ac8cc4cb7b37"}
,"/Users/skeletor/Projects/Mobile/my-store/src/store/sagas/index.js": {"path":"/Users/skeletor/Projects/Mobile/my-store/src/store/sagas/index.js","statementMap":{"0":{"start":{"line":12,"column":2},"end":{"line":15,"column":4}}},"fnMap":{"0":{"name":"root","decl":{"start":{"line":11,"column":25},"end":{"line":11,"column":29}},"loc":{"start":{"line":11,"column":32},"end":{"line":16,"column":1}},"line":11}},"branchMap":{},"s":{"0":2},"f":{"0":2},"b":{},"_coverageSchema":"332fd63041d2c1bcb487cc26dd0d5f7d97098a6c","hash":"021409bfbfcebcd31dd08df5b201fcd3e9a691ef"}
,"/Users/skeletor/Projects/Mobile/my-store/src/styles/colors.js": {"path":"/Users/skeletor/Projects/Mobile/my-store/src/styles/colors.js","statementMap":{},"fnMap":{},"branchMap":{},"s":{},"f":{},"b":{},"_coverageSchema":"332fd63041d2c1bcb487cc26dd0d5f7d97098a6c","hash":"713b2f839cb8a913b31d2041f502e9d1b0d73b53"}
,"/Users/skeletor/Projects/Mobile/my-store/src/styles/fonts.js": {"path":"/Users/skeletor/Projects/Mobile/my-store/src/styles/fonts.js","statementMap":{},"fnMap":{},"branchMap":{},"s":{},"f":{},"b":{},"_coverageSchema":"332fd63041d2c1bcb487cc26dd0d5f7d97098a6c","hash":"f082d3e4d01ae55755a36d0725c12cdbdd5841be"}
,"/Users/skeletor/Projects/Mobile/my-store/src/styles/general.js": {"path":"/Users/skeletor/Projects/Mobile/my-store/src/styles/general.js","statementMap":{"0":{"start":{"line":3,"column":16},"end":{"line":13,"column":1}}},"fnMap":{},"branchMap":{},"s":{"0":16},"f":{},"b":{},"_coverageSchema":"332fd63041d2c1bcb487cc26dd0d5f7d97098a6c","hash":"d6eac643c5bd0e0b405daaea3947e9754166a731"}
,"/Users/skeletor/Projects/Mobile/my-store/src/styles/index.js": {"path":"/Users/skeletor/Projects/Mobile/my-store/src/styles/index.js","statementMap":{},"fnMap":{},"branchMap":{},"s":{},"f":{},"b":{},"_coverageSchema":"332fd63041d2c1bcb487cc26dd0d5f7d97098a6c","hash":"4ae768b8bf4bf94c3bd7bd1af3698ab01fcd54fb"}
,"/Users/skeletor/Projects/Mobile/my-store/src/styles/metrics.js": {"path":"/Users/skeletor/Projects/Mobile/my-store/src/styles/metrics.js","statementMap":{"0":{"start":{"line":3,"column":26},"end":{"line":3,"column":50}}},"fnMap":{},"branchMap":{"0":{"loc":{"start":{"line":8,"column":15},"end":{"line":8,"column":46}},"type":"cond-expr","locations":[{"start":{"line":8,"column":32},"end":{"line":8,"column":37}},{"start":{"line":8,"column":40},"end":{"line":8,"column":46}}],"line":8},"1":{"loc":{"start":{"line":9,"column":16},"end":{"line":9,"column":47}},"type":"cond-expr","locations":[{"start":{"line":9,"column":33},"end":{"line":9,"column":39}},{"start":{"line":9,"column":42},"end":{"line":9,"column":47}}],"line":9},"2":{"loc":{"start":{"line":12,"column":19},"end":{"line":12,"column":51}},"type":"cond-expr","locations":[{"start":{"line":12,"column":45},"end":{"line":12,"column":47}},{"start":{"line":12,"column":50},"end":{"line":12,"column":51}}],"line":12}},"s":{"0":16},"f":{},"b":{"0":[16,0],"1":[16,0],"2":[16,0]},"_coverageSchema":"332fd63041d2c1bcb487cc26dd0d5f7d97098a6c","hash":"76a9bc9957f2d693a1bd45a2f17b43ac768989d0"}
}
