{"/Users/skeletor/Projects/Mobile/my-store/__tests__/setup.js": {"path":"/Users/skeletor/Projects/Mobile/my-store/__tests__/setup.js","statementMap":{"0":{"start":{"line":4,"column":0},"end":{"line":4,"column":45}}},"fnMap":{},"branchMap":{},"s":{"0":1},"f":{},"b":{},"_coverageSchema":"332fd63041d2c1bcb487cc26dd0d5f7d97098a6c","hash":"d023454c00e491d4d0ef5d18071f2b7b2b064fd7"}
,"/Users/skeletor/Projects/Mobile/my-store/src/components/Header/index.js": {"path":"/Users/skeletor/Projects/Mobile/my-store/src/components/Header/index.js","statementMap":{"0":{"start":{"line":28,"column":25},"end":{"line":28,"column":35}},"1":{"start":{"line":32,"column":4},"end":{"line":32,"column":46}},"2":{"start":{"line":36,"column":4},"end":{"line":47,"column":6}}},"fnMap":{"0":{"name":"(anonymous_0)","decl":{"start":{"line":27,"column":17},"end":{"line":27,"column":18}},"loc":{"start":{"line":27,"column":23},"end":{"line":33,"column":3}},"line":27},"1":{"name":"(anonymous_1)","decl":{"start":{"line":35,"column":2},"end":{"line":35,"column":3}},"loc":{"start":{"line":35,"column":11},"end":{"line":48,"column":3}},"line":35}},"branchMap":{"0":{"loc":{"start":{"line":39,"column":12},"end":{"line":42,"column":31}},"type":"binary-expr","locations":[{"start":{"line":39,"column":12},"end":{"line":39,"column":34}},{"start":{"line":40,"column":12},"end":{"line":42,"column":31}}],"line":39}},"s":{"0":1,"1":1,"2":1},"f":{"0":1,"1":1},"b":{"0":[1,1]},"_coverageSchema":"332fd63041d2c1bcb487cc26dd0d5f7d97098a6c","hash":"1d812ee6ffd8894611ab657f422101f7d6ce2d61"}
,"/Users/skeletor/Projects/Mobile/my-store/src/components/Header/styles.js": {"path":"/Users/skeletor/Projects/Mobile/my-store/src/components/Header/styles.js","statementMap":{"0":{"start":{"line":4,"column":15},"end":{"line":28,"column":2}}},"fnMap":{},"branchMap":{},"s":{"0":1},"f":{},"b":{},"_coverageSchema":"332fd63041d2c1bcb487cc26dd0d5f7d97098a6c","hash":"440b961ae752227edd7ce09fb1b765123c168ec7"}
,"/Users/skeletor/Projects/Mobile/my-store/src/styles/colors.js": {"path":"/Users/skeletor/Projects/Mobile/my-store/src/styles/colors.js","statementMap":{},"fnMap":{},"branchMap":{},"s":{},"f":{},"b":{},"_coverageSchema":"332fd63041d2c1bcb487cc26dd0d5f7d97098a6c","hash":"713b2f839cb8a913b31d2041f502e9d1b0d73b53"}
,"/Users/skeletor/Projects/Mobile/my-store/src/styles/fonts.js": {"path":"/Users/skeletor/Projects/Mobile/my-store/src/styles/fonts.js","statementMap":{},"fnMap":{},"branchMap":{},"s":{},"f":{},"b":{},"_coverageSchema":"332fd63041d2c1bcb487cc26dd0d5f7d97098a6c","hash":"f082d3e4d01ae55755a36d0725c12cdbdd5841be"}
,"/Users/skeletor/Projects/Mobile/my-store/src/styles/general.js": {"path":"/Users/skeletor/Projects/Mobile/my-store/src/styles/general.js","statementMap":{"0":{"start":{"line":3,"column":16},"end":{"line":13,"column":1}}},"fnMap":{},"branchMap":{},"s":{"0":1},"f":{},"b":{},"_coverageSchema":"332fd63041d2c1bcb487cc26dd0d5f7d97098a6c","hash":"d6eac643c5bd0e0b405daaea3947e9754166a731"}
,"/Users/skeletor/Projects/Mobile/my-store/src/styles/index.js": {"path":"/Users/skeletor/Projects/Mobile/my-store/src/styles/index.js","statementMap":{},"fnMap":{},"branchMap":{},"s":{},"f":{},"b":{},"_coverageSchema":"332fd63041d2c1bcb487cc26dd0d5f7d97098a6c","hash":"4ae768b8bf4bf94c3bd7bd1af3698ab01fcd54fb"}
,"/Users/skeletor/Projects/Mobile/my-store/src/styles/metrics.js": {"path":"/Users/skeletor/Projects/Mobile/my-store/src/styles/metrics.js","statementMap":{"0":{"start":{"line":3,"column":26},"end":{"line":3,"column":50}}},"fnMap":{},"branchMap":{"0":{"loc":{"start":{"line":8,"column":15},"end":{"line":8,"column":46}},"type":"cond-expr","locations":[{"start":{"line":8,"column":32},"end":{"line":8,"column":37}},{"start":{"line":8,"column":40},"end":{"line":8,"column":46}}],"line":8},"1":{"loc":{"start":{"line":9,"column":16},"end":{"line":9,"column":47}},"type":"cond-expr","locations":[{"start":{"line":9,"column":33},"end":{"line":9,"column":39}},{"start":{"line":9,"column":42},"end":{"line":9,"column":47}}],"line":9},"2":{"loc":{"start":{"line":12,"column":19},"end":{"line":12,"column":51}},"type":"cond-expr","locations":[{"start":{"line":12,"column":45},"end":{"line":12,"column":47}},{"start":{"line":12,"column":50},"end":{"line":12,"column":51}}],"line":12}},"s":{"0":1},"f":{},"b":{"0":[1,0],"1":[1,0],"2":[1,0]},"_coverageSchema":"332fd63041d2c1bcb487cc26dd0d5f7d97098a6c","hash":"76a9bc9957f2d693a1bd45a2f17b43ac768989d0"}
}
