TN:
SF:/Users/skeletor/Projects/Mobile/my-store/__tests__/setup.js
FNF:0
FNH:0
DA:4,1
LF:1
LH:1
BRF:0
BRH:0
end_of_record
TN:
SF:/Users/skeletor/Projects/Mobile/my-store/src/components/Header/index.js
FN:27,(anonymous_0)
FN:35,(anonymous_1)
FNF:2
FNH:2
FNDA:1,(anonymous_0)
FNDA:1,(anonymous_1)
DA:28,1
DA:32,1
DA:36,1
LF:3
LH:3
BRDA:39,0,0,1
BRDA:39,0,1,1
BRF:2
BRH:2
end_of_record
TN:
SF:/Users/skeletor/Projects/Mobile/my-store/src/components/Header/styles.js
FNF:0
FNH:0
DA:4,1
LF:1
LH:1
BRF:0
BRH:0
end_of_record
TN:
SF:/Users/skeletor/Projects/Mobile/my-store/src/styles/colors.js
FNF:0
FNH:0
LF:0
LH:0
BRF:0
BRH:0
end_of_record
TN:
SF:/Users/skeletor/Projects/Mobile/my-store/src/styles/fonts.js
FNF:0
FNH:0
LF:0
LH:0
BRF:0
BRH:0
end_of_record
TN:
SF:/Users/skeletor/Projects/Mobile/my-store/src/styles/general.js
FNF:0
FNH:0
DA:3,1
LF:1
LH:1
BRF:0
BRH:0
end_of_record
TN:
SF:/Users/skeletor/Projects/Mobile/my-store/src/styles/index.js
FNF:0
FNH:0
LF:0
LH:0
BRF:0
BRH:0
end_of_record
TN:
SF:/Users/skeletor/Projects/Mobile/my-store/src/styles/metrics.js
FNF:0
FNH:0
DA:3,1
LF:1
LH:1
BRDA:8,0,0,1
BRDA:8,0,1,0
BRDA:9,1,0,1
BRDA:9,1,1,0
BRDA:12,2,0,1
BRDA:12,2,1,0
BRF:6
BRH:3
end_of_record
