TN:
SF:/Users/skeletor/Projects/Mobile/my-store/__tests__/setup.js
FNF:0
FNH:0
DA:4,7
LF:1
LH:1
BRF:0
BRH:0
end_of_record
TN:
SF:/Users/skeletor/Projects/Mobile/my-store/src/components/Footer/index.js
FN:8,(anonymous_0)
FNF:1
FNH:0
FNDA:0,(anonymous_0)
DA:8,1
DA:9,0
LF:2
LH:1
BRF:0
BRH:0
end_of_record
TN:
SF:/Users/skeletor/Projects/Mobile/my-store/src/components/Footer/components/NavigationTabs/index.js
FN:20,(anonymous_0)
FN:22,(anonymous_1)
FN:27,(anonymous_2)
FN:47,(anonymous_3)
FN:51,(anonymous_4)
FN:52,(anonymous_5)
FNF:6
FNH:0
FNDA:0,(anonymous_0)
FNDA:0,(anonymous_1)
FNDA:0,(anonymous_2)
FNDA:0,(anonymous_3)
FNDA:0,(anonymous_4)
FNDA:0,(anonymous_5)
DA:15,1
DA:20,1
DA:21,0
DA:23,0
DA:27,0
DA:36,1
DA:47,1
DA:51,1
DA:52,0
LF:9
LH:5
BRDA:29,0,0,0
BRDA:29,0,1,0
BRDA:30,1,0,0
BRDA:30,1,1,0
BRF:4
BRH:0
end_of_record
TN:
SF:/Users/skeletor/Projects/Mobile/my-store/src/components/Footer/components/NavigationTabs/styles.js
FNF:0
FNH:0
DA:4,1
LF:1
LH:1
BRF:0
BRH:0
end_of_record
TN:
SF:/Users/skeletor/Projects/Mobile/my-store/src/components/Footer/components/NavigationTabs/components/TabItem/index.js
FN:12,(anonymous_0)
FNF:1
FNH:0
FNDA:0,(anonymous_0)
DA:12,1
DA:19,0
DA:29,1
DA:36,1
LF:4
LH:3
BRDA:24,0,0,0
BRDA:24,0,1,0
BRDA:25,1,0,0
BRDA:25,1,1,0
BRF:4
BRH:0
end_of_record
TN:
SF:/Users/skeletor/Projects/Mobile/my-store/src/components/Footer/components/NavigationTabs/components/TabItem/styles.js
FNF:0
FNH:0
DA:4,1
LF:1
LH:1
BRF:0
BRH:0
end_of_record
TN:
SF:/Users/skeletor/Projects/Mobile/my-store/src/components/Footer/components/NavigationTabs/components/TabItem/components/Badge/index.js
FN:9,(anonymous_0)
FNF:1
FNH:0
FNDA:0,(anonymous_0)
DA:9,1
DA:10,0
DA:15,1
DA:19,1
LF:4
LH:3
BRF:0
BRH:0
end_of_record
TN:
SF:/Users/skeletor/Projects/Mobile/my-store/src/components/Footer/components/NavigationTabs/components/TabItem/components/Badge/styles.js
FNF:0
FNH:0
DA:4,1
LF:1
LH:1
BRF:0
BRH:0
end_of_record
TN:
SF:/Users/skeletor/Projects/Mobile/my-store/src/components/Header/index.js
FN:27,(anonymous_0)
FN:35,(anonymous_1)
FNF:2
FNH:2
FNDA:1,(anonymous_0)
FNDA:1,(anonymous_1)
DA:28,1
DA:32,1
DA:36,1
LF:3
LH:3
BRDA:39,0,0,1
BRDA:39,0,1,1
BRF:2
BRH:2
end_of_record
TN:
SF:/Users/skeletor/Projects/Mobile/my-store/src/components/Header/styles.js
FNF:0
FNH:0
DA:4,2
LF:1
LH:1
BRF:0
BRH:0
end_of_record
TN:
SF:/Users/skeletor/Projects/Mobile/my-store/src/pages/home/index.js
FN:39,(anonymous_0)
FN:46,(anonymous_1)
FN:60,(anonymous_2)
FN:65,(anonymous_3)
FN:66,(anonymous_4)
FN:67,(anonymous_5)
FNF:6
FNH:6
FNDA:7,(anonymous_0)
FNDA:4,(anonymous_1)
FNDA:4,(anonymous_2)
FNDA:4,(anonymous_3)
FNDA:7,(anonymous_4)
FNDA:5,(anonymous_5)
DA:40,7
DA:41,7
DA:42,5
DA:47,4
DA:48,4
DA:60,4
DA:65,4
DA:66,7
DA:68,5
LF:9
LH:9
BRDA:41,0,0,5
BRDA:41,0,1,2
BRDA:52,1,0,1
BRDA:52,1,1,3
BRF:4
BRH:4
end_of_record
TN:
SF:/Users/skeletor/Projects/Mobile/my-store/src/pages/home/styles.js
FNF:0
FNH:0
DA:4,1
LF:1
LH:1
BRF:0
BRH:0
end_of_record
TN:
SF:/Users/skeletor/Projects/Mobile/my-store/src/pages/home/components/Categories/index.js
FN:24,(anonymous_0)
FN:33,(anonymous_1)
FNF:2
FNH:2
FNDA:1,(anonymous_0)
FNDA:6,(anonymous_1)
DA:25,1
DA:34,6
LF:2
LH:2
BRF:0
BRH:0
end_of_record
TN:
SF:/Users/skeletor/Projects/Mobile/my-store/src/pages/home/components/Categories/styles.js
FNF:0
FNH:0
DA:4,2
LF:1
LH:1
BRF:0
BRH:0
end_of_record
TN:
SF:/Users/skeletor/Projects/Mobile/my-store/src/pages/home/components/Categories/components/ItemCategory/index.js
FN:26,(anonymous_0)
FN:31,(anonymous_1)
FN:39,(anonymous_2)
FN:54,(anonymous_3)
FN:55,(anonymous_4)
FN:56,(anonymous_5)
FNF:6
FNH:6
FNDA:1,(anonymous_0)
FNDA:6,(anonymous_1)
FNDA:1,(anonymous_2)
FNDA:4,(anonymous_3)
FNDA:1,(anonymous_4)
FNDA:1,(anonymous_5)
DA:27,1
DA:28,1
DA:32,6
DA:33,6
DA:34,6
DA:36,6
DA:39,1
DA:54,4
DA:55,1
DA:57,1
LF:10
LH:10
BRDA:33,0,0,5
BRDA:33,0,1,1
BRDA:34,1,0,5
BRDA:34,1,1,1
BRDA:43,2,0,5
BRDA:43,2,1,1
BRF:6
BRH:6
end_of_record
TN:
SF:/Users/skeletor/Projects/Mobile/my-store/src/pages/home/components/Categories/components/ItemCategory/styles.js
FNF:0
FNH:0
DA:4,3
LF:1
LH:1
BRF:0
BRH:0
end_of_record
TN:
SF:/Users/skeletor/Projects/Mobile/my-store/src/pages/home/components/Products/index.js
FN:11,(anonymous_0)
FN:17,(anonymous_1)
FNF:2
FNH:2
FNDA:2,(anonymous_0)
FNDA:4,(anonymous_1)
DA:11,2
DA:12,2
DA:18,4
DA:27,2
DA:32,2
LF:5
LH:5
BRF:0
BRH:0
end_of_record
TN:
SF:/Users/skeletor/Projects/Mobile/my-store/src/pages/home/components/Products/styles.js
FNF:0
FNH:0
DA:4,2
LF:1
LH:1
BRF:0
BRH:0
end_of_record
TN:
SF:/Users/skeletor/Projects/Mobile/my-store/src/pages/home/components/Products/components/Product/index.js
FN:26,(anonymous_0)
FN:35,(anonymous_1)
FN:44,(anonymous_2)
FNF:3
FNH:3
FNDA:1,(anonymous_0)
FNDA:3,(anonymous_1)
FNDA:1,(anonymous_2)
DA:27,1
DA:29,1
DA:36,3
DA:37,3
DA:41,3
DA:44,1
LF:6
LH:6
BRDA:37,0,0,1
BRDA:37,0,1,2
BRF:2
BRH:2
end_of_record
TN:
SF:/Users/skeletor/Projects/Mobile/my-store/src/pages/home/components/Products/components/Product/styles.js
FNF:0
FNH:0
DA:4,3
LF:1
LH:1
BRF:0
BRH:0
end_of_record
TN:
SF:/Users/skeletor/Projects/Mobile/my-store/src/store/ducks/cart.js
FN:27,(anonymous_0)
FN:40,(anonymous_1)
FN:42,(anonymous_2)
FN:46,(anonymous_3)
FN:48,(anonymous_4)
FN:56,(anonymous_5)
FN:70,(anonymous_6)
FN:74,(anonymous_7)
FN:74,(anonymous_8)
FNF:9
FNH:0
FNDA:0,(anonymous_0)
FNDA:0,(anonymous_1)
FNDA:0,(anonymous_2)
FNDA:0,(anonymous_3)
FNDA:0,(anonymous_4)
FNDA:0,(anonymous_5)
FNDA:0,(anonymous_6)
FNDA:0,(anonymous_7)
FNDA:0,(anonymous_8)
DA:6,1
DA:17,1
DA:27,1
DA:40,1
DA:42,0
DA:46,1
DA:49,0
DA:50,0
DA:52,0
DA:56,1
DA:61,1
DA:70,1
DA:72,1
DA:74,0
DA:75,0
LF:15
LH:9
BRDA:43,0,0,0
BRDA:43,0,1,0
BRDA:49,1,0,0
BRDA:49,1,1,0
BRF:4
BRH:0
end_of_record
TN:
SF:/Users/skeletor/Projects/Mobile/my-store/src/store/ducks/categories.js
FN:25,(anonymous_0)
FN:30,(anonymous_1)
FN:37,(anonymous_2)
FN:43,(anonymous_3)
FNF:4
FNH:0
FNDA:0,(anonymous_0)
FNDA:0,(anonymous_1)
FNDA:0,(anonymous_2)
FNDA:0,(anonymous_3)
DA:5,3
DA:16,3
DA:25,3
DA:30,3
DA:37,3
DA:43,3
DA:48,3
LF:7
LH:7
BRF:0
BRH:0
end_of_record
TN:
SF:/Users/skeletor/Projects/Mobile/my-store/src/store/ducks/categoryProducts.js
FN:23,(anonymous_0)
FN:28,(anonymous_1)
FN:34,(anonymous_2)
FNF:3
FNH:0
FNDA:0,(anonymous_0)
FNDA:0,(anonymous_1)
FNDA:0,(anonymous_2)
DA:5,3
DA:15,3
DA:23,3
DA:28,3
DA:34,3
DA:40,3
LF:6
LH:6
BRF:0
BRH:0
end_of_record
TN:
SF:/Users/skeletor/Projects/Mobile/my-store/src/styles/colors.js
FNF:0
FNH:0
LF:0
LH:0
BRF:0
BRH:0
end_of_record
TN:
SF:/Users/skeletor/Projects/Mobile/my-store/src/styles/fonts.js
FNF:0
FNH:0
LF:0
LH:0
BRF:0
BRH:0
end_of_record
TN:
SF:/Users/skeletor/Projects/Mobile/my-store/src/styles/general.js
FNF:0
FNH:0
DA:3,7
LF:1
LH:1
BRF:0
BRH:0
end_of_record
TN:
SF:/Users/skeletor/Projects/Mobile/my-store/src/styles/index.js
FNF:0
FNH:0
LF:0
LH:0
BRF:0
BRH:0
end_of_record
TN:
SF:/Users/skeletor/Projects/Mobile/my-store/src/styles/metrics.js
FNF:0
FNH:0
DA:3,7
LF:1
LH:1
BRDA:8,0,0,7
BRDA:8,0,1,0
BRDA:9,1,0,7
BRDA:9,1,1,0
BRDA:12,2,0,7
BRDA:12,2,1,0
BRF:6
BRH:3
end_of_record
